<?xml version="1.0" encoding="UTF-8"?>
<testsuite xmlns:xsi="http://www.w3.org/2001/XMLSchema-instance" xsi:noNamespaceSchemaLocation="https://maven.apache.org/surefire/maven-surefire-plugin/xsd/surefire-test-report-3.0.xsd" version="3.0" name="com.studentmanagement.StudentTest" time="0.059" tests="4" errors="0" skipped="0" failures="0">
  <properties>
[...]
</properties>
  <testcase name="testStudentDepartment" classname="com.studentmanagement.StudentTest" time="0.026"/>
  <testcase name="testStudentCreation" classname="com.studentmanagement.StudentTest" time="0.002"/>
  <testcase name="testStudentCgpa" classname="com.studentmanagement.StudentTest" time="0.002"/>
  <testcase name="testStudentName" classname="com.studentmanagement.StudentTest" time="0.001"/>
</testsuite>